This is pdfTeX, Version 3.141592653-2.6-1.40.24 (MiKTeX 21.12) (preloaded format=pdflatex 2022.3.7)  17 APR 2022 11:18
entering extended mode
 restricted \write18 enabled.
 %&-line parsing enabled.
**./KECReport.tex
(KECReport.tex
LaTeX2e <2021-11-15> patch level 1
L3 programming layer <2021-11-22>

LaTeX Warning: \include should only be used after \begin{document} on input lin
e 1.

(KECReportFormat.tex (C:\Miktex\tex/latex/base\report.cls
Document Class: report 2021/10/04 v1.4n Standard LaTeX document class
(C:\Miktex\tex/latex/base\size12.clo
File: size12.clo 2021/10/04 v1.4n Standard LaTeX file (size option)
)
\c@part=\count183
\c@chapter=\count184
\c@section=\count185
\c@subsection=\count186
\c@subsubsection=\count187
\c@paragraph=\count188
\c@subparagraph=\count189
\c@figure=\count190
\c@table=\count191
\abovecaptionskip=\skip47
\belowcaptionskip=\skip48
\bibindent=\dimen138
)
(C:\Miktex\tex/latex/geometry\geometry.sty
Package: geometry 2020/01/02 v5.9 Page Geometry

(C:\Miktex\tex/latex/graphics\keyval.sty
Package: keyval 2014/10/28 v1.15 key=value parser (DPC)
\KV@toks@=\toks16
)
(C:\Miktex\tex/generic/iftex\ifvtex.sty
Package: ifvtex 2019/10/25 v1.7 ifvtex legacy package. Use iftex instead.
 (C:\Miktex\tex/generic/iftex\iftex.sty
Package: iftex 2020/03/06 v1.0d TeX engine tests
))
\Gm@cnth=\count192
\Gm@cntv=\count193
\c@Gm@tempcnt=\count194
\Gm@bindingoffset=\dimen139
\Gm@wd@mp=\dimen140
\Gm@odd@mp=\dimen141
\Gm@even@mp=\dimen142
\Gm@layoutwidth=\dimen143
\Gm@layoutheight=\dimen144
\Gm@layouthoffset=\dimen145
\Gm@layoutvoffset=\dimen146
\Gm@dimlist=\toks17
 (C:\Miktex\tex/latex/geometry\geometry.cfg))
(C:\Miktex\tex/latex/amsfonts\amsfonts.sty
Package: amsfonts 2013/01/14 v3.01 Basic AMSFonts support
\@emptytoks=\toks18
\symAMSa=\mathgroup4
\symAMSb=\mathgroup5
LaTeX Font Info:    Redeclaring math symbol \hbar on input line 98.
LaTeX Font Info:    Overwriting math alphabet `\mathfrak' in version `bold'
(Font)                  U/euf/m/n --> U/euf/b/n on input line 106.
)
(C:\Miktex\tex/latex/amsmath\amsmath.sty
Package: amsmath 2021/10/15 v2.17l AMS math features
\@mathmargin=\skip49

For additional information on amsmath, use the `?' option.
(C:\Miktex\tex/latex/amsmath\amstext.sty
Package: amstext 2021/08/26 v2.01 AMS text

(C:\Miktex\tex/latex/amsmath\amsgen.sty
File: amsgen.sty 1999/11/30 v2.0 generic functions
\@emptytoks=\toks19
\ex@=\dimen147
))
(C:\Miktex\tex/latex/amsmath\amsbsy.sty
Package: amsbsy 1999/11/29 v1.2d Bold Symbols
\pmbraise@=\dimen148
)
(C:\Miktex\tex/latex/amsmath\amsopn.sty
Package: amsopn 2021/08/26 v2.02 operator names
)
\inf@bad=\count195
LaTeX Info: Redefining \frac on input line 234.
\uproot@=\count196
\leftroot@=\count197
LaTeX Info: Redefining \overline on input line 399.
\classnum@=\count198
\DOTSCASE@=\count199
LaTeX Info: Redefining \ldots on input line 496.
LaTeX Info: Redefining \dots on input line 499.
LaTeX Info: Redefining \cdots on input line 620.
\Mathstrutbox@=\box50
\strutbox@=\box51
\big@size=\dimen149
LaTeX Font Info:    Redeclaring font encoding OML on input line 743.
LaTeX Font Info:    Redeclaring font encoding OMS on input line 744.
\macc@depth=\count266
\c@MaxMatrixCols=\count267
\dotsspace@=\muskip16
\c@parentequation=\count268
\dspbrk@lvl=\count269
\tag@help=\toks20
\row@=\count270
\column@=\count271
\maxfields@=\count272
\andhelp@=\toks21
\eqnshift@=\dimen150
\alignsep@=\dimen151
\tagshift@=\dimen152
\tagwidth@=\dimen153
\totwidth@=\dimen154
\lineht@=\dimen155
\@envbody=\toks22
\multlinegap=\skip50
\multlinetaggap=\skip51
\mathdisplay@stack=\toks23
LaTeX Info: Redefining \[ on input line 2938.
LaTeX Info: Redefining \] on input line 2939.
)
(C:\Miktex\tex/latex/amsfonts\amssymb.sty
Package: amssymb 2013/01/14 v3.01 AMS font symbols
)
(C:\Miktex\tex/latex/graphics\graphicx.sty
Package: graphicx 2021/09/16 v1.2d Enhanced LaTeX Graphics (DPC,SPQR)

(C:\Miktex\tex/latex/graphics\graphics.sty
Package: graphics 2021/03/04 v1.4d Standard LaTeX Graphics (DPC,SPQR)

(C:\Miktex\tex/latex/graphics\trig.sty
Package: trig 2021/08/11 v1.11 sin cos tan (DPC)
)
(C:\Miktex\tex/latex/graphics-cfg\graphics.cfg
File: graphics.cfg 2016/06/04 v1.11 sample graphics configuration
)
Package graphics Info: Driver file: pdftex.def on input line 107.

(C:\Miktex\tex/latex/graphics-def\pdftex.def
File: pdftex.def 2020/10/05 v1.2a Graphics/color driver for pdftex
))
\Gin@req@height=\dimen156
\Gin@req@width=\dimen157
)
(C:\Miktex\tex/latex/psnfss\times.sty
Package: times 2020/03/25 PSNFSS-v9.3 (SPQR) 
) (C:\Miktex\tex/latex/float\float.sty
Package: float 2001/11/08 v1.3d Float enhancements (AL)
\c@float@type=\count273
\float@exts=\toks24
\float@box=\box52
\@float@everytoks=\toks25
\@floatcapt=\box53
)
(C:\Miktex\tex/latex/caption\caption.sty
Package: caption 2022/02/20 v3.6 Customizing captions (AR)

(C:\Miktex\tex/latex/caption\caption3.sty
Package: caption3 2022/01/07 v2.3 caption3 kernel (AR)
\caption@tempdima=\dimen158
\captionmargin=\dimen159
\caption@leftmargin=\dimen160
\caption@rightmargin=\dimen161
\caption@width=\dimen162
\caption@indent=\dimen163
\caption@parindent=\dimen164
\caption@hangindent=\dimen165
Package caption Info: Standard document class detected.
)
\c@caption@flags=\count274
\c@continuedfloat=\count275
Package caption Info: float package is loaded.
)
(C:\Miktex\tex/latex/hyperref\hyperref.sty
Package: hyperref 2021-06-07 v7.00m Hypertext links for LaTeX

(C:\Miktex\tex/generic/ltxcmds\ltxcmds.sty
Package: ltxcmds 2020-05-10 v1.25 LaTeX kernel commands for general use (HO)
)
(C:\Miktex\tex/generic/pdftexcmds\pdftexcmds.sty
Package: pdftexcmds 2020-06-27 v0.33 Utility functions of pdfTeX for LuaTeX (HO
)

(C:\Miktex\tex/generic/infwarerr\infwarerr.sty
Package: infwarerr 2019/12/03 v1.5 Providing info/warning/error messages (HO)
)
Package pdftexcmds Info: \pdf@primitive is available.
Package pdftexcmds Info: \pdf@ifprimitive is available.
Package pdftexcmds Info: \pdfdraftmode found.
)
(C:\Miktex\tex/generic/kvsetkeys\kvsetkeys.sty
Package: kvsetkeys 2019/12/15 v1.18 Key value parser (HO)
)
(C:\Miktex\tex/generic/kvdefinekeys\kvdefinekeys.sty
Package: kvdefinekeys 2019-12-19 v1.6 Define keys (HO)
)
(C:\Miktex\tex/generic/pdfescape\pdfescape.sty
Package: pdfescape 2019/12/09 v1.15 Implements pdfTeX's escape features (HO)
)
(C:\Miktex\tex/latex/hycolor\hycolor.sty
Package: hycolor 2020-01-27 v1.10 Color options for hyperref/bookmark (HO)
)
(C:\Miktex\tex/latex/letltxmacro\letltxmacro.sty
Package: letltxmacro 2019/12/03 v1.6 Let assignment for LaTeX macros (HO)
)
(C:\Miktex\tex/latex/auxhook\auxhook.sty
Package: auxhook 2019-12-17 v1.6 Hooks for auxiliary files (HO)
)
(C:\Miktex\tex/latex/kvoptions\kvoptions.sty
Package: kvoptions 2020-10-07 v3.14 Key value format for package options (HO)
)
\@linkdim=\dimen166
\Hy@linkcounter=\count276
\Hy@pagecounter=\count277

(C:\Miktex\tex/latex/hyperref\pd1enc.def
File: pd1enc.def 2021-06-07 v7.00m Hyperref: PDFDocEncoding definition (HO)
Now handling font encoding PD1 ...
... no UTF-8 mapping file for font encoding PD1
)
(C:\Miktex\tex/latex/hyperref\hyperref-langpatches.def
File: hyperref-langpatches.def 2021-06-07 v7.00m Hyperref: patches for babel la
nguages
)
(C:\Miktex\tex/generic/intcalc\intcalc.sty
Package: intcalc 2019/12/15 v1.3 Expandable calculations with integers (HO)
)
(C:\Miktex\tex/generic/etexcmds\etexcmds.sty
Package: etexcmds 2019/12/15 v1.7 Avoid name clashes with e-TeX commands (HO)
)
\Hy@SavedSpaceFactor=\count278

(C:\Miktex\tex/latex/hyperref\puenc.def
File: puenc.def 2021-06-07 v7.00m Hyperref: PDF Unicode definition (HO)
Now handling font encoding PU ...
... no UTF-8 mapping file for font encoding PU
)
Package hyperref Info: Hyper figures OFF on input line 4192.
Package hyperref Info: Link nesting OFF on input line 4197.
Package hyperref Info: Hyper index ON on input line 4200.
Package hyperref Info: Plain pages OFF on input line 4207.
Package hyperref Info: Backreferencing OFF on input line 4212.
Package hyperref Info: Implicit mode ON; LaTeX internals redefined.
Package hyperref Info: Bookmarks ON on input line 4445.
\c@Hy@tempcnt=\count279
 (C:\Miktex\tex/latex/url\url.sty
\Urlmuskip=\muskip17
Package: url 2013/09/16  ver 3.4  Verb mode for urls, etc.
)
LaTeX Info: Redefining \url on input line 4804.
\XeTeXLinkMargin=\dimen167

(C:\Miktex\tex/generic/bitset\bitset.sty
Package: bitset 2019/12/09 v1.3 Handle bit-vector datatype (HO)

(C:\Miktex\tex/generic/bigintcalc\bigintcalc.sty
Package: bigintcalc 2019/12/15 v1.5 Expandable calculations on big integers (HO
)
))
\Fld@menulength=\count280
\Field@Width=\dimen168
\Fld@charsize=\dimen169
Package hyperref Info: Hyper figures OFF on input line 6076.
Package hyperref Info: Link nesting OFF on input line 6081.
Package hyperref Info: Hyper index ON on input line 6084.
Package hyperref Info: backreferencing OFF on input line 6091.
Package hyperref Info: Link coloring OFF on input line 6096.
Package hyperref Info: Link coloring with OCG OFF on input line 6101.
Package hyperref Info: PDF/A mode OFF on input line 6106.
LaTeX Info: Redefining \ref on input line 6146.
LaTeX Info: Redefining \pageref on input line 6150.

(C:\Miktex\tex/latex/base\atbegshi-ltx.sty
Package: atbegshi-ltx 2021/01/10 v1.0c Emulation of the original atbegshi
package with kernel methods
)
\Hy@abspage=\count281
\c@Item=\count282
\c@Hfootnote=\count283
)
Package hyperref Info: Driver (autodetected): hpdftex.

(C:\Miktex\tex/latex/hyperref\hpdftex.def
File: hpdftex.def 2021-06-07 v7.00m Hyperref driver for pdfTeX

(C:\Miktex\tex/latex/base\atveryend-ltx.sty
Package: atveryend-ltx 2020/08/19 v1.0a Emulation of the original atveryend pac
kage
with kernel methods
)
\Fld@listcount=\count284
\c@bookmark@seq@number=\count285

(C:\Miktex\tex/latex/rerunfilecheck\rerunfilecheck.sty
Package: rerunfilecheck 2019/12/05 v1.9 Rerun checks for auxiliary files (HO)

(C:\Miktex\tex/generic/uniquecounter\uniquecounter.sty
Package: uniquecounter 2019/12/15 v1.4 Provide unlimited unique counter (HO)
)
Package uniquecounter Info: New unique counter `rerunfilecheck' on input line 2
86.
)
\Hy@SectionHShift=\skip52
)
(C:\Miktex\tex/latex/setspace\setspace.sty
Package: setspace 2011/12/19 v6.7a set line spacing
) (C:\Miktex\tex/latex/acro\acro.sty
(C:\Miktex\tex/latex/l3packages/l3keys2e\l3keys2e.sty
(C:\Miktex\tex/latex/l3kernel\expl3.sty
Package: expl3 2021-11-22 L3 programming layer (loader) 

(C:\Miktex\tex/latex/l3backend\l3backend-pdftex.def
File: l3backend-pdftex.def 2021-10-18 L3 backend support: PDF output (pdfTeX)
\l__color_backend_stack_int=\count286
\l__pdf_internal_box=\box54
))
Package: l3keys2e 2021-11-12 LaTeX2e option processing using LaTeX3 keys
)
Package: acro 2022/01/27 v3.7 typeset acronyms and other abbreviations (CN)
\g__acro_version_int=\count287
\l__acro_tmpa_int=\count288
\l__acro_tmpb_int=\count289
\l__acro_tmpc_int=\count290
\l__acro_tmpd_int=\count291
Loading module `base' ...
Loading module `interface' ...
Loading module `aux' ...
Loading module `properties' ...
Loading module `acronyms' ...
Loading module `formatting' ...
Loading module `ppfixes' ...
Loading module `tools' ...
\l__acro_minimal_usage_int=\count292
\l__acro_nest_int=\count293
\g_acro_barrier_int=\count294
\g_acro_barrier_total_int=\count295
Loading module `commands' ...
Loading module `templates' ...
Loading module `list' ...
Loading module `pages' ...
\l__acro_pages_seq_threshold_int=\count296
Loading module `locale' ...

(C:\Miktex\tex/latex/translations\translations.sty
Package: translations 2022/02/05 v1.12 internationalization of LaTeX2e packages
 (CN)

(C:\Miktex\tex/latex/etoolbox\etoolbox.sty
Package: etoolbox 2020/10/05 v2.5k e-TeX tools for LaTeX (JAW)
\etb@tempcnta=\count297
))
Loading module `pdfsupport' ...
Loading module `patch' ...
Loading module `definitions' ...
Loading module `upgrade' ...
)
(C:\Miktex\tex/latex/multirow\bigstrut.sty
Package: bigstrut 2021/03/15 v2.8 Provide larger struts in tabulars
\bigstrutjot=\dimen170
)
(C:\Miktex\tex/latex/multirow\multirow.sty
Package: multirow 2021/03/15 v2.8 Span multiple rows of a table
\multirow@colwidth=\skip53
\multirow@cntb=\count298
\multirow@dima=\skip54
)
(C:\Miktex\tex/latex/titlesec\titlesec.sty
Package: titlesec 2021/07/05 v2.14 Sectioning titles
\ttl@box=\box55
\beforetitleunit=\skip55
\aftertitleunit=\skip56
\ttl@plus=\dimen171
\ttl@minus=\dimen172
\ttl@toksa=\toks26
\titlewidth=\dimen173
\titlewidthlast=\dimen174
\titlewidthfirst=\dimen175
)
(C:\Miktex\tex/latex/enumitem\enumitem.sty
Package: enumitem 2019/06/20 v3.9 Customized lists
\labelindent=\skip57
\enit@outerparindent=\dimen176
\enit@toks=\toks27
\enit@inbox=\box56
\enit@count@id=\count299
\enitdp@description=\count300
))
\g__acro_HTML_int=\count301
\g__acro_CSS_int=\count302
\g__acro_transparencyFactor_int=\count303
\g__acro_areaOfTriangle_int=\count304
Package translations Info: No language package found. I am going to use `englis
h' as default language. on input line 69.
LaTeX Font Info:    Trying to load font information for OT1+ptm on input line 6
9.

(C:\Miktex\tex/latex/psnfss\ot1ptm.fd
File: ot1ptm.fd 2001/06/04 font definitions for OT1/ptm.
) (KECReport.aux)
\openout1 = `KECReport.aux'.

LaTeX Font Info:    Checking defaults for OML/cmm/m/it on input line 69.
LaTeX Font Info:    ... okay on input line 69.
LaTeX Font Info:    Checking defaults for OMS/cmsy/m/n on input line 69.
LaTeX Font Info:    ... okay on input line 69.
LaTeX Font Info:    Checking defaults for OT1/cmr/m/n on input line 69.
LaTeX Font Info:    ... okay on input line 69.
LaTeX Font Info:    Checking defaults for T1/cmr/m/n on input line 69.
LaTeX Font Info:    ... okay on input line 69.
LaTeX Font Info:    Checking defaults for TS1/cmr/m/n on input line 69.
LaTeX Font Info:    ... okay on input line 69.
LaTeX Font Info:    Checking defaults for OMX/cmex/m/n on input line 69.
LaTeX Font Info:    ... okay on input line 69.
LaTeX Font Info:    Checking defaults for U/cmr/m/n on input line 69.
LaTeX Font Info:    ... okay on input line 69.
LaTeX Font Info:    Checking defaults for PD1/pdf/m/n on input line 69.
LaTeX Font Info:    ... okay on input line 69.
LaTeX Font Info:    Checking defaults for PU/pdf/m/n on input line 69.
LaTeX Font Info:    ... okay on input line 69.

*geometry* driver: auto-detecting
*geometry* detected driver: pdftex
*geometry* verbose mode - [ preamble ] result:
* driver: pdftex
* paper: a4paper
* layout: <same size as paper>
* layoutoffset:(h,v)=(0.0pt,0.0pt)
* modes: 
* h-part:(L,W,R)=(108.405pt, 416.83289pt, 72.26999pt)
* v-part:(T,H,B)=(72.26999pt, 700.50687pt, 72.26999pt)
* \paperwidth=597.50787pt
* \paperheight=845.04684pt
* \textwidth=416.83289pt
* \textheight=700.50687pt
* \oddsidemargin=36.13501pt
* \evensidemargin=36.13501pt
* \topmargin=-37.0pt
* \headheight=12.0pt
* \headsep=25.0pt
* \topskip=12.0pt
* \footskip=30.0pt
* \marginparwidth=35.0pt
* \marginparsep=10.0pt
* \columnsep=10.0pt
* \skip\footins=10.8pt plus 4.0pt minus 2.0pt
* \hoffset=0.0pt
* \voffset=0.0pt
* \mag=1000
* \@twocolumnfalse
* \@twosidefalse
* \@mparswitchfalse
* \@reversemarginfalse
* (1in=72.27pt=25.4mm, 1cm=28.453pt)

(C:\Miktex\tex/context/base/mkii\supp-pdf.mkii
[Loading MPS to PDF converter (version 2006.09.02).]
\scratchcounter=\count305
\scratchdimen=\dimen177
\scratchbox=\box57
\nofMPsegments=\count306
\nofMParguments=\count307
\everyMPshowfont=\toks28
\MPscratchCnt=\count308
\MPscratchDim=\dimen178
\MPnumerator=\count309
\makeMPintoPDFobject=\count310
\everyMPtoPDFconversion=\toks29
) (C:\Miktex\tex/latex/epstopdf-pkg\epstopdf-base.sty
Package: epstopdf-base 2020-01-24 v2.11 Base part for package epstopdf
Package epstopdf-base Info: Redefining graphics rule for `.eps' on input line 4
85.

(C:\Miktex\tex/latex/00miktex\epstopdf-sys.cfg
File: epstopdf-sys.cfg 2021/03/18 v2.0 Configuration of epstopdf for MiKTeX
))
Package caption Info: Begin \AtBeginDocument code.
Package caption Info: hyperref package is loaded.
Package caption Info: End \AtBeginDocument code.
Package hyperref Info: Link coloring OFF on input line 69.

(C:\Miktex\tex/latex/hyperref\nameref.sty
Package: nameref 2021-04-02 v2.47 Cross-referencing by name of section

(C:\Miktex\tex/latex/refcount\refcount.sty
Package: refcount 2019/12/15 v3.6 Data extraction from label references (HO)
)
(C:\Miktex\tex/generic/gettitlestring\gettitlestring.sty
Package: gettitlestring 2019/12/15 v1.6 Cleanup title references (HO)
)
\c@section@level=\count311
)
LaTeX Info: Redefining \ref on input line 69.
LaTeX Info: Redefining \pageref on input line 69.
LaTeX Info: Redefining \nameref on input line 69.
 (KECReport.out)
(KECReport.out)
\@outlinefile=\write3
\openout3 = `KECReport.out'.


(C:\Miktex\tex/latex/translations/dicts\translations-basic-dictionary-english.t
rsl
File: translations-basic-dictionary-english.trsl (english translation file `tra
nslations-basic-dictionary')
)
Package translations Info: loading dictionary `translations-basic-dictionary' f
or `english'. on input line 69.
<images/logo.png, id=150, 102.3825pt x 102.3825pt>
File: images/logo.png Graphic file (type png)
<use images/logo.png>
Package pdftex.def Info: images/logo.png  used on input line 70.
(pdftex.def)             Requested size: 71.1361pt x 71.1361pt.
 [1

{C:/Users/dpray/AppData/Local/MiKTeX/fonts/map/pdftex/pdftex.map} <./images/log
o.png>]
pdfTeX warning (ext4): destination with the same identifier (name{page.1}) has 
been already used, duplicate ignored
<to be read again> 
                   \relax 
l.71 \KECtitlepage
                   % command defined in KECReportFormat [1] [1

] [2

]
LaTeX Font Info:    Trying to load font information for U+msa on input line 96.


(C:\Miktex\tex/latex/amsfonts\umsa.fd
File: umsa.fd 2013/01/14 v3.01 AMS symbols A
)
LaTeX Font Info:    Trying to load font information for U+msb on input line 96.

 (C:\Miktex\tex/latex/amsfonts\umsb.fd
File: umsb.fd 2013/01/14 v3.01 AMS symbols B
)
[3

] [4

] (KECReport.toc [5

])
\tf@toc=\write4
\openout4 = `KECReport.toc'.

 [6] (KECReport.lof)
\tf@lof=\write5
\openout5 = `KECReport.lof'.

 [7

]
Chapter 1.
LaTeX Font Info:    Trying to load font information for TS1+ptm on input line 1
83.
(C:\Miktex\tex/latex/psnfss\ts1ptm.fd
File: ts1ptm.fd 2001/06/04 font definitions for TS1/ptm.
)
Underfull \hbox (badness 10000) in paragraph at lines 169--200

 []


Underfull \hbox (badness 10000) in paragraph at lines 169--200

 []


Underfull \hbox (badness 10000) in paragraph at lines 169--200

 []


Underfull \hbox (badness 10000) in paragraph at lines 169--200

 []


pdfTeX warning (ext4): destination with the same identifier (name{page.1}) has 
been already used, duplicate ignored
<to be read again> 
                   \relax 
l.200 
       [1

] [2] [3] [4] [5]
Chapter 2.
[6

] [7]
Chapter 3.
<images/decisiontreeoverview1.png, id=298, 690.58pt x 344.28625pt>
File: images/decisiontreeoverview1.png Graphic file (type png)
<use images/decisiontreeoverview1.png>
Package pdftex.def Info: images/decisiontreeoverview1.png  used on input line 3
67.
(pdftex.def)             Requested size: 455.24408pt x 226.9617pt.

Overfull \hbox (38.4112pt too wide) in paragraph at lines 367--369
 [][] 
 []

[8

] [9 <./images/decisiontreeoverview1.png (PNG copy)>]
Underfull \hbox (badness 10000) in paragraph at lines 396--401

 []

[10]
<images/import library.png, id=323, 416.15475pt x 104.18925pt>
File: images/import library.png Graphic file (type png)
<use images/import library.png>
Package pdftex.def Info: images/import library.png  used on input line 441.
(pdftex.def)             Requested size: 455.24408pt x 113.98213pt.

Overfull \hbox (38.4112pt too wide) in paragraph at lines 441--443
 [][] 
 []

[11]
<images/intdata.png, id=328, 624.53325pt x 224.63925pt>
File: images/intdata.png Graphic file (type png)
<use images/intdata.png>
Package pdftex.def Info: images/intdata.png  used on input line 449.
(pdftex.def)             Requested size: 455.24408pt x 163.74533pt.

Overfull \hbox (38.4112pt too wide) in paragraph at lines 449--451
 [][] 
 []

<images/feature.png, id=329, 629.9535pt x 138.5175pt>
File: images/feature.png Graphic file (type png)
<use images/feature.png>
Package pdftex.def Info: images/feature.png  used on input line 456.
(pdftex.def)             Requested size: 455.24408pt x 100.10239pt.

Overfull \hbox (38.4112pt too wide) in paragraph at lines 456--458
 [][] 
 []

[12 <./images/import library.png> <./images/intdata.png>]
<images/fit.png, id=338, 642.60075pt x 175.25475pt>
File: images/fit.png Graphic file (type png)
<use images/fit.png>
Package pdftex.def Info: images/fit.png  used on input line 463.
(pdftex.def)             Requested size: 455.24408pt x 124.15628pt.

Overfull \hbox (38.4112pt too wide) in paragraph at lines 463--465
 [][] 
 []

<images/predict.png, id=339, 435.42674pt x 130.68825pt>
File: images/predict.png Graphic file (type png)
<use images/predict.png>
Package pdftex.def Info: images/predict.png  used on input line 471.
(pdftex.def)             Requested size: 455.24408pt x 136.64041pt.

Overfull \hbox (38.4112pt too wide) in paragraph at lines 471--473
 [][] 
 []

<images/visualize.png, id=340, 774.895pt x 530.98375pt>
File: images/visualize.png Graphic file (type png)
<use images/visualize.png>
Package pdftex.def Info: images/visualize.png  used on input line 479.
(pdftex.def)             Requested size: 455.24408pt x 311.94893pt.

Overfull \hbox (38.4112pt too wide) in paragraph at lines 479--481
 [][] 
 []

[13 <./images/feature.png> <./images/fit.png> <./images/predict.png>]
<images/incremental model.png, id=351, 690.58pt x 457.71pt>
File: images/incremental model.png Graphic file (type png)
<use images/incremental model.png>
Package pdftex.def Info: images/incremental model.png  used on input line 489.
(pdftex.def)             Requested size: 455.24408pt x 301.73335pt.

Overfull \hbox (38.4112pt too wide) in paragraph at lines 489--490
 [][] 
 []

[14 <./images/visualize.png>] [15 <./images/incremental model.png>]
<images/blockdiagram.png, id=363, 447.92343pt x 468.24937pt>
File: images/blockdiagram.png Graphic file (type png)
<use images/blockdiagram.png>
Package pdftex.def Info: images/blockdiagram.png  used on input line 520.
(pdftex.def)             Requested size: 455.24408pt x 475.91469pt.

Overfull \hbox (38.4112pt too wide) in paragraph at lines 520--521
 [][] 
 []

[16]
<images/usecase.png, id=369, 451.6875pt x 496.10344pt>
File: images/usecase.png Graphic file (type png)
<use images/usecase.png>
Package pdftex.def Info: images/usecase.png  used on input line 528.
(pdftex.def)             Requested size: 455.24408pt x 500.03857pt.

Overfull \hbox (38.4112pt too wide) in paragraph at lines 528--529
 [][] 
 []

[17 <./images/blockdiagram.png>] [18 <./images/usecase.png>]
Chapter 4.
<images/DecisionTree_1.png, id=380, 289.08pt x 289.08pt>
File: images/DecisionTree_1.png Graphic file (type png)
<use images/DecisionTree_1.png>
Package pdftex.def Info: images/DecisionTree_1.png  used on input line 552.
(pdftex.def)             Requested size: 398.33858pt x 398.35739pt.
[19

]
<images/accuracy.png, id=385, 867.24pt x 433.62pt>
File: images/accuracy.png Graphic file (type png)
<use images/accuracy.png>
Package pdftex.def Info: images/accuracy.png  used on input line 560.
(pdftex.def)             Requested size: 455.24408pt x 227.62082pt.

Overfull \hbox (38.4112pt too wide) in paragraph at lines 560--561
 [][] 
 []

[20 <./images/DecisionTree_1.png>]
<images/error.png, id=391, 433.62pt x 289.08pt>
File: images/error.png Graphic file (type png)
<use images/error.png>
Package pdftex.def Info: images/error.png  used on input line 568.
(pdftex.def)             Requested size: 398.33858pt x 265.57306pt.
<images/signup.png, id=392, 666.49pt x 672.5125pt>
File: images/signup.png Graphic file (type png)
<use images/signup.png>
Package pdftex.def Info: images/signup.png  used on input line 578.
(pdftex.def)             Requested size: 266.59128pt x 269.00023pt.
 [21 <./images/accuracy.png> <./images/error.png>]
<images/login.png, id=399, 537.00626pt x 465.74pt>
File: images/login.png Graphic file (type png)
<use images/login.png>
Package pdftex.def Info: images/login.png  used on input line 585.
(pdftex.def)             Requested size: 268.50247pt x 232.86943pt.
<images/output1.png, id=400, 1445.4pt x 746.03719pt>
File: images/output1.png Graphic file (type png)
<use images/output1.png>
Package pdftex.def Info: images/output1.png  used on input line 592.
(pdftex.def)             Requested size: 341.43306pt x 176.22945pt.
 [22 <./images/signup.png> <./images/login.png>]
<images/output2.png, id=408, 1445.4pt x 751.30687pt>
File: images/output2.png Graphic file (type png)
<use images/output2.png>
Package pdftex.def Info: images/output2.png  used on input line 600.
(pdftex.def)             Requested size: 341.43306pt x 177.47426pt.
 [23 <./images/output1.png> <./images/output2.png>]
Chapter 5.

Package hyperref Warning: Difference (2) between bookmark levels is greater 
(hyperref)                than one, level fixed on input line 613.

(KECReport.bbl [24

]) [25

] (KECReport.aux)
Package rerunfilecheck Info: File `KECReport.out' has not changed.
(rerunfilecheck)             Checksum: 09865D8E536631B23606A0BFFBB972FE;5290.
 ) 
Here is how much of TeX's memory you used:
 16710 strings out of 478659
 317494 string characters out of 2862406
 605870 words of memory out of 3000000
 34494 multiletter control sequences out of 15000+600000
 427214 words of font info for 73 fonts, out of 8000000 for 9000
 1141 hyphenation exceptions out of 8191
 75i,7n,82p,1018b,516s stack positions out of 5000i,500n,10000p,200000b,80000s
{C:/Miktex/fonts/enc/dvips/base/8r.enc}<C:/Miktex/fonts/type1/public/amsfonts
/cm/cmex10.pfb><C:/Miktex/fonts/type1/public/amsfonts/cmextra/cmex8.pfb><C:/Mik
tex/fonts/type1/public/amsfonts/cm/cmmi12.pfb><C:/Miktex/fonts/type1/public/ams
fonts/cm/cmmi8.pfb><C:/Miktex/fonts/type1/public/amsfonts/cm/cmr12.pfb><C:/Mikt
ex/fonts/type1/public/amsfonts/cm/cmr8.pfb><C:/Miktex/fonts/type1/public/amsfon
ts/cm/cmsy10.pfb><C:/Miktex/fonts/type1/public/amsfonts/cm/cmsy8.pfb><C:/Miktex
/fonts/type1/urw/times/utmb8a.pfb><C:/Miktex/fonts/type1/urw/times/utmbi8a.pfb>
<C:/Miktex/fonts/type1/urw/times/utmr8a.pfb><C:/Miktex/fonts/type1/urw/times/ut
mri8a.pfb>
Output written on KECReport.pdf (34 pages, 575470 bytes).
PDF statistics:
 499 PDF objects out of 1000 (max. 8388607)
 102 named destinations out of 1000 (max. 500000)
 387 words of extra memory for PDF output out of 10000 (max. 10000000)

